<?xml version="1.0" encoding="UTF-8"?>
<testsuite name="service.BookServiceTest" tests="1" skipped="0" failures="0" errors="0" timestamp="2022-10-25T11:29:45" hostname="DFs-MacBook-Pro" time="0.022">
  <properties/>
  <testcase name="addBook()" classname="service.BookServiceTest" time="0.022"/>
  <system-out><![CDATA[]]></system-out>
  <system-err><![CDATA[]]></system-err>
</testsuite>
